<?xml version="1.0" encoding="UTF-8"?>
<!-- Generated by org.testng.reporters.JUnitReportReporter -->
<testsuite skipped="0" hostname="edu1-PC" name="autoit.FileUploadTest" tests="1" failures="0" timestamp="28 Jun 2018 05:32:04 GMT" time="3.131" errors="0">
  <testcase name="upload" time="3.131" classname="autoit.FileUploadTest"/>
</testsuite> <!-- autoit.FileUploadTest -->
